[p][21-04-19][org.apache.ibatis.logging.LogFactory]Logging initialized using 'class org.apache.ibatis.logging.log4j.Log4jImpl' adapter.
[p][21-04-19][org.apache.ibatis.logging.LogFactory]Logging initialized using 'class org.apache.ibatis.logging.log4j.Log4jImpl' adapter.
[p][21-04-19][org.apache.ibatis.datasource.pooled.PooledDataSource]PooledDataSource forcefully closed/removed all connections.
[p][21-04-19][org.apache.ibatis.datasource.pooled.PooledDataSource]PooledDataSource forcefully closed/removed all connections.
[p][21-04-19][org.apache.ibatis.datasource.pooled.PooledDataSource]PooledDataSource forcefully closed/removed all connections.
[p][21-04-19][org.apache.ibatis.datasource.pooled.PooledDataSource]PooledDataSource forcefully closed/removed all connections.
[p][21-04-19][org.apache.ibatis.transaction.jdbc.JdbcTransaction]Opening JDBC Connection
[p][21-04-19][org.apache.ibatis.datasource.pooled.PooledDataSource]Created connection 17037394.
[p][21-04-19][org.apache.ibatis.transaction.jdbc.JdbcTransaction]Setting autocommit to false on JDBC Connection [com.mysql.jdbc.JDBC4Connection@103f852]
[p][21-04-19][com.kuang.Mapper.UserMapper.getUser]==>  Preparing: select * from user
[p][21-04-19][com.kuang.Mapper.UserMapper.getUser]==> Parameters: 
[p][21-04-19][com.kuang.Mapper.UserMapper.getUser]<==      Total: 7
[p][21-04-19][org.apache.ibatis.transaction.jdbc.JdbcTransaction]Resetting autocommit to true on JDBC Connection [com.mysql.jdbc.JDBC4Connection@103f852]
[p][21-04-19][org.apache.ibatis.transaction.jdbc.JdbcTransaction]Closing JDBC Connection [com.mysql.jdbc.JDBC4Connection@103f852]
[p][21-04-19][org.apache.ibatis.datasource.pooled.PooledDataSource]Returned connection 17037394 to pool.
[p][21-04-21][org.apache.ibatis.logging.LogFactory]Logging initialized using 'class org.apache.ibatis.logging.log4j.Log4jImpl' adapter.
[p][21-04-21][org.apache.ibatis.logging.LogFactory]Logging initialized using 'class org.apache.ibatis.logging.log4j.Log4jImpl' adapter.
[p][21-04-21][org.apache.ibatis.datasource.pooled.PooledDataSource]PooledDataSource forcefully closed/removed all connections.
[p][21-04-21][org.apache.ibatis.datasource.pooled.PooledDataSource]PooledDataSource forcefully closed/removed all connections.
[p][21-04-21][org.apache.ibatis.datasource.pooled.PooledDataSource]PooledDataSource forcefully closed/removed all connections.
[p][21-04-21][org.apache.ibatis.datasource.pooled.PooledDataSource]PooledDataSource forcefully closed/removed all connections.
[p][21-04-21][org.apache.ibatis.transaction.jdbc.JdbcTransaction]Opening JDBC Connection
[p][21-04-21][org.apache.ibatis.datasource.pooled.PooledDataSource]Created connection 2109874862.
[p][21-04-21][com.kuang.Mapper.UserMapper.addUser]==>  Preparing: insert into user(id,name,pwd) values ?,?,?
[p][21-04-21][com.kuang.Mapper.UserMapper.addUser]==> Parameters: 8(Integer), 嘿嘿(String), 444(String)
[p][21-04-21][org.apache.ibatis.logging.LogFactory]Logging initialized using 'class org.apache.ibatis.logging.log4j.Log4jImpl' adapter.
[p][21-04-21][org.apache.ibatis.logging.LogFactory]Logging initialized using 'class org.apache.ibatis.logging.log4j.Log4jImpl' adapter.
[p][21-04-21][org.apache.ibatis.datasource.pooled.PooledDataSource]PooledDataSource forcefully closed/removed all connections.
[p][21-04-21][org.apache.ibatis.datasource.pooled.PooledDataSource]PooledDataSource forcefully closed/removed all connections.
[p][21-04-21][org.apache.ibatis.datasource.pooled.PooledDataSource]PooledDataSource forcefully closed/removed all connections.
[p][21-04-21][org.apache.ibatis.datasource.pooled.PooledDataSource]PooledDataSource forcefully closed/removed all connections.
[p][21-04-21][org.apache.ibatis.transaction.jdbc.JdbcTransaction]Opening JDBC Connection
[p][21-04-21][org.apache.ibatis.datasource.pooled.PooledDataSource]Created connection 2109874862.
[p][21-04-21][com.kuang.Mapper.UserMapper.addUser]==>  Preparing: insert into user(id,name,pwd) values ?,?,?
[p][21-04-21][com.kuang.Mapper.UserMapper.addUser]==> Parameters: 8(Integer), hhh(String), 444(String)
[p][21-04-21][org.apache.ibatis.logging.LogFactory]Logging initialized using 'class org.apache.ibatis.logging.log4j.Log4jImpl' adapter.
[p][21-04-21][org.apache.ibatis.logging.LogFactory]Logging initialized using 'class org.apache.ibatis.logging.log4j.Log4jImpl' adapter.
[p][21-04-21][org.apache.ibatis.datasource.pooled.PooledDataSource]PooledDataSource forcefully closed/removed all connections.
[p][21-04-21][org.apache.ibatis.datasource.pooled.PooledDataSource]PooledDataSource forcefully closed/removed all connections.
[p][21-04-21][org.apache.ibatis.datasource.pooled.PooledDataSource]PooledDataSource forcefully closed/removed all connections.
[p][21-04-21][org.apache.ibatis.datasource.pooled.PooledDataSource]PooledDataSource forcefully closed/removed all connections.
[p][21-04-21][org.apache.ibatis.transaction.jdbc.JdbcTransaction]Opening JDBC Connection
[p][21-04-21][org.apache.ibatis.datasource.pooled.PooledDataSource]Created connection 2109874862.
[p][21-04-21][com.kuang.Mapper.UserMapper.getUser]==>  Preparing: select * from user
[p][21-04-21][com.kuang.Mapper.UserMapper.getUser]==> Parameters: 
[p][21-04-21][com.kuang.Mapper.UserMapper.getUser]<==      Total: 7
[p][21-04-21][org.apache.ibatis.transaction.jdbc.JdbcTransaction]Closing JDBC Connection [com.mysql.jdbc.JDBC4Connection@7dc222ae]
[p][21-04-21][org.apache.ibatis.datasource.pooled.PooledDataSource]Returned connection 2109874862 to pool.
[p][21-04-21][org.apache.ibatis.logging.LogFactory]Logging initialized using 'class org.apache.ibatis.logging.log4j.Log4jImpl' adapter.
[p][21-04-21][org.apache.ibatis.logging.LogFactory]Logging initialized using 'class org.apache.ibatis.logging.log4j.Log4jImpl' adapter.
[p][21-04-21][org.apache.ibatis.datasource.pooled.PooledDataSource]PooledDataSource forcefully closed/removed all connections.
[p][21-04-21][org.apache.ibatis.datasource.pooled.PooledDataSource]PooledDataSource forcefully closed/removed all connections.
[p][21-04-21][org.apache.ibatis.datasource.pooled.PooledDataSource]PooledDataSource forcefully closed/removed all connections.
[p][21-04-21][org.apache.ibatis.datasource.pooled.PooledDataSource]PooledDataSource forcefully closed/removed all connections.
[p][21-04-21][org.apache.ibatis.transaction.jdbc.JdbcTransaction]Opening JDBC Connection
[p][21-04-21][org.apache.ibatis.datasource.pooled.PooledDataSource]Created connection 2109874862.
[p][21-04-21][com.kuang.Mapper.UserMapper.addUser]==>  Preparing: insert into user(id,name,pwd) values ?,?,?
[p][21-04-21][com.kuang.Mapper.UserMapper.addUser]==> Parameters: 8(Integer), 哈哈(String), 1234(String)
[p][21-04-21][org.apache.ibatis.logging.LogFactory]Logging initialized using 'class org.apache.ibatis.logging.log4j.Log4jImpl' adapter.
[p][21-04-21][org.apache.ibatis.logging.LogFactory]Logging initialized using 'class org.apache.ibatis.logging.log4j.Log4jImpl' adapter.
[p][21-04-21][org.apache.ibatis.datasource.pooled.PooledDataSource]PooledDataSource forcefully closed/removed all connections.
[p][21-04-21][org.apache.ibatis.datasource.pooled.PooledDataSource]PooledDataSource forcefully closed/removed all connections.
[p][21-04-21][org.apache.ibatis.datasource.pooled.PooledDataSource]PooledDataSource forcefully closed/removed all connections.
[p][21-04-21][org.apache.ibatis.datasource.pooled.PooledDataSource]PooledDataSource forcefully closed/removed all connections.
[p][21-04-21][org.apache.ibatis.transaction.jdbc.JdbcTransaction]Opening JDBC Connection
[p][21-04-21][org.apache.ibatis.datasource.pooled.PooledDataSource]Created connection 2109874862.
[p][21-04-21][com.kuang.Mapper.UserMapper.updateUser]==>  Preparing: update user set name=?,pwd=? where id=?
[p][21-04-21][com.kuang.Mapper.UserMapper.updateUser]==> Parameters: 嘿嘿(String), 1234(String), 7(Integer)
[p][21-04-21][com.kuang.Mapper.UserMapper.updateUser]<==    Updates: 1
[p][21-04-21][org.apache.ibatis.transaction.jdbc.JdbcTransaction]Closing JDBC Connection [com.mysql.jdbc.JDBC4Connection@7dc222ae]
[p][21-04-21][org.apache.ibatis.datasource.pooled.PooledDataSource]Returned connection 2109874862 to pool.
[p][21-04-21][org.apache.ibatis.logging.LogFactory]Logging initialized using 'class org.apache.ibatis.logging.log4j.Log4jImpl' adapter.
[p][21-04-21][org.apache.ibatis.logging.LogFactory]Logging initialized using 'class org.apache.ibatis.logging.log4j.Log4jImpl' adapter.
[p][21-04-21][org.apache.ibatis.datasource.pooled.PooledDataSource]PooledDataSource forcefully closed/removed all connections.
[p][21-04-21][org.apache.ibatis.datasource.pooled.PooledDataSource]PooledDataSource forcefully closed/removed all connections.
[p][21-04-21][org.apache.ibatis.datasource.pooled.PooledDataSource]PooledDataSource forcefully closed/removed all connections.
[p][21-04-21][org.apache.ibatis.datasource.pooled.PooledDataSource]PooledDataSource forcefully closed/removed all connections.
[p][21-04-21][org.apache.ibatis.transaction.jdbc.JdbcTransaction]Opening JDBC Connection
[p][21-04-21][org.apache.ibatis.datasource.pooled.PooledDataSource]Created connection 2109874862.
[p][21-04-21][com.kuang.Mapper.UserMapper.addUser]==>  Preparing: insert into user(id,name,pwd) values ?,?,?
[p][21-04-21][com.kuang.Mapper.UserMapper.addUser]==> Parameters: 8(Integer), 哈哈(String), 1234(String)
[p][21-04-21][org.apache.ibatis.logging.LogFactory]Logging initialized using 'class org.apache.ibatis.logging.log4j.Log4jImpl' adapter.
[p][21-04-21][org.apache.ibatis.logging.LogFactory]Logging initialized using 'class org.apache.ibatis.logging.log4j.Log4jImpl' adapter.
[p][21-04-21][org.apache.ibatis.datasource.pooled.PooledDataSource]PooledDataSource forcefully closed/removed all connections.
[p][21-04-21][org.apache.ibatis.datasource.pooled.PooledDataSource]PooledDataSource forcefully closed/removed all connections.
[p][21-04-21][org.apache.ibatis.datasource.pooled.PooledDataSource]PooledDataSource forcefully closed/removed all connections.
[p][21-04-21][org.apache.ibatis.datasource.pooled.PooledDataSource]PooledDataSource forcefully closed/removed all connections.
[p][21-04-21][org.apache.ibatis.transaction.jdbc.JdbcTransaction]Opening JDBC Connection
[p][21-04-21][org.apache.ibatis.datasource.pooled.PooledDataSource]Created connection 2109874862.
[p][21-04-21][com.kuang.Mapper.UserMapper.addUser]==>  Preparing: insert into user(id,name,pwd) values ?,?,?
[p][21-04-21][com.kuang.Mapper.UserMapper.addUser]==> Parameters: 8(Integer), 哈哈(String), 1234(String)
[p][21-04-21][org.apache.ibatis.logging.LogFactory]Logging initialized using 'class org.apache.ibatis.logging.log4j.Log4jImpl' adapter.
[p][21-04-21][org.apache.ibatis.logging.LogFactory]Logging initialized using 'class org.apache.ibatis.logging.log4j.Log4jImpl' adapter.
[p][21-04-21][org.apache.ibatis.datasource.pooled.PooledDataSource]PooledDataSource forcefully closed/removed all connections.
[p][21-04-21][org.apache.ibatis.datasource.pooled.PooledDataSource]PooledDataSource forcefully closed/removed all connections.
[p][21-04-21][org.apache.ibatis.datasource.pooled.PooledDataSource]PooledDataSource forcefully closed/removed all connections.
[p][21-04-21][org.apache.ibatis.datasource.pooled.PooledDataSource]PooledDataSource forcefully closed/removed all connections.
[p][21-04-21][org.apache.ibatis.transaction.jdbc.JdbcTransaction]Opening JDBC Connection
[p][21-04-21][org.apache.ibatis.datasource.pooled.PooledDataSource]Created connection 2109874862.
[p][21-04-21][com.kuang.Mapper.UserMapper.addUser]==>  Preparing: insert into user(id,name,pwd) values ?,?,?
[p][21-04-21][com.kuang.Mapper.UserMapper.addUser]==> Parameters: 8(Integer), 哈哈(String), 1234(String)
[p][21-04-21][org.apache.ibatis.logging.LogFactory]Logging initialized using 'class org.apache.ibatis.logging.log4j.Log4jImpl' adapter.
[p][21-04-21][org.apache.ibatis.logging.LogFactory]Logging initialized using 'class org.apache.ibatis.logging.log4j.Log4jImpl' adapter.
[p][21-04-21][org.apache.ibatis.datasource.pooled.PooledDataSource]PooledDataSource forcefully closed/removed all connections.
[p][21-04-21][org.apache.ibatis.datasource.pooled.PooledDataSource]PooledDataSource forcefully closed/removed all connections.
[p][21-04-21][org.apache.ibatis.datasource.pooled.PooledDataSource]PooledDataSource forcefully closed/removed all connections.
[p][21-04-21][org.apache.ibatis.datasource.pooled.PooledDataSource]PooledDataSource forcefully closed/removed all connections.
[p][21-04-21][org.apache.ibatis.transaction.jdbc.JdbcTransaction]Opening JDBC Connection
[p][21-04-21][org.apache.ibatis.datasource.pooled.PooledDataSource]Created connection 2109874862.
[p][21-04-21][com.kuang.Mapper.UserMapper.addUser]==>  Preparing: insert into user(id,name,pwd) values ?,?,?
[p][21-04-21][com.kuang.Mapper.UserMapper.addUser]==> Parameters: 8(Integer), 哈哈(String), 1234(String)
[p][21-04-21][org.apache.ibatis.logging.LogFactory]Logging initialized using 'class org.apache.ibatis.logging.log4j.Log4jImpl' adapter.
[p][21-04-21][org.apache.ibatis.logging.LogFactory]Logging initialized using 'class org.apache.ibatis.logging.log4j.Log4jImpl' adapter.
[p][21-04-21][org.apache.ibatis.datasource.pooled.PooledDataSource]PooledDataSource forcefully closed/removed all connections.
[p][21-04-21][org.apache.ibatis.datasource.pooled.PooledDataSource]PooledDataSource forcefully closed/removed all connections.
[p][21-04-21][org.apache.ibatis.datasource.pooled.PooledDataSource]PooledDataSource forcefully closed/removed all connections.
[p][21-04-21][org.apache.ibatis.datasource.pooled.PooledDataSource]PooledDataSource forcefully closed/removed all connections.
[p][21-04-21][org.apache.ibatis.transaction.jdbc.JdbcTransaction]Opening JDBC Connection
[p][21-04-21][org.apache.ibatis.datasource.pooled.PooledDataSource]Created connection 1020154737.
[p][21-04-21][com.kuang.Mapper.UserMapper.addUser]==>  Preparing: insert into user(id,name,pwd) values (?,?,?)
[p][21-04-21][com.kuang.Mapper.UserMapper.addUser]==> Parameters: 9(Integer), 咳咳(String), 999(String)
[p][21-04-21][com.kuang.Mapper.UserMapper.addUser]<==    Updates: 1
[p][21-04-21][org.apache.ibatis.transaction.jdbc.JdbcTransaction]Closing JDBC Connection [com.mysql.jdbc.JDBC4Connection@3cce5371]
[p][21-04-21][org.apache.ibatis.datasource.pooled.PooledDataSource]Returned connection 1020154737 to pool.
[p][21-04-21][org.apache.ibatis.logging.LogFactory]Logging initialized using 'class org.apache.ibatis.logging.log4j.Log4jImpl' adapter.
[p][21-04-21][org.apache.ibatis.logging.LogFactory]Logging initialized using 'class org.apache.ibatis.logging.log4j.Log4jImpl' adapter.
[p][21-04-21][org.apache.ibatis.datasource.pooled.PooledDataSource]PooledDataSource forcefully closed/removed all connections.
[p][21-04-21][org.apache.ibatis.datasource.pooled.PooledDataSource]PooledDataSource forcefully closed/removed all connections.
[p][21-04-21][org.apache.ibatis.datasource.pooled.PooledDataSource]PooledDataSource forcefully closed/removed all connections.
[p][21-04-21][org.apache.ibatis.datasource.pooled.PooledDataSource]PooledDataSource forcefully closed/removed all connections.
[p][21-04-21][org.apache.ibatis.transaction.jdbc.JdbcTransaction]Opening JDBC Connection
[p][21-04-21][org.apache.ibatis.datasource.pooled.PooledDataSource]Created connection 1270144618.
[p][21-04-21][com.kuang.Mapper.UserMapper.deleteUser]==>  Preparing: delete from user where id=?
[p][21-04-21][com.kuang.Mapper.UserMapper.deleteUser]==> Parameters: 9(Integer)
[p][21-04-21][com.kuang.Mapper.UserMapper.deleteUser]<==    Updates: 1
[p][21-04-21][org.apache.ibatis.transaction.jdbc.JdbcTransaction]Closing JDBC Connection [com.mysql.jdbc.JDBC4Connection@4bb4de6a]
[p][21-04-21][org.apache.ibatis.datasource.pooled.PooledDataSource]Returned connection 1270144618 to pool.
